INFO  23.06.2022 11:43:24  Trying to initialize repositories from: 
    C:\Users\j.hurtado.de.moxo\magnolia03rest\apache-tomcat\webapps\magnoliaAuthor\WEB-INF\bootstrap\author
    C:\Users\j.hurtado.de.moxo\magnolia03rest\apache-tomcat\webapps\magnoliaAuthor\WEB-INF\bootstrap\common
INFO  23.06.2022 11:43:24  Repository [dam] has been initialized.
INFO  23.06.2022 11:43:24  Repository [keystore] has been initialized.
INFO  23.06.2022 11:43:24  Repository [contacts] has been initialized.
INFO  23.06.2022 11:43:24  Repository [usergroups] has been initialized.
INFO  23.06.2022 11:43:24  Repository [magnolia-mgnlSystem] has been initialized.
INFO  23.06.2022 11:43:24  Repository [scripts] has been initialized.
INFO  23.06.2022 11:43:24  Repository [tours] has been initialized.
INFO  23.06.2022 11:43:24  Repository [website] has been initialized.
INFO  23.06.2022 11:43:24  Repository [magnolia-mgnlVersion] has been initialized.
INFO  23.06.2022 11:43:24  Repository [userroles] has been initialized.
INFO  23.06.2022 11:43:24  Repository [profiles] has been initialized.
INFO  23.06.2022 11:43:24  Repository [users] has been initialized.
INFO  23.06.2022 11:43:24  Repository [tasks] has been initialized.
INFO  23.06.2022 11:43:24  Repository [imaging] has been initialized.
INFO  23.06.2022 11:43:24  Repository [category] has been initialized.
INFO  23.06.2022 11:43:24  Repository [rss] has been initialized.
INFO  23.06.2022 11:43:24  Repository [default] has been initialized.
INFO  23.06.2022 11:43:24  Repository [resources] has been initialized.
INFO  23.06.2022 11:43:24  Repository [messages] has been initialized.
INFO  23.06.2022 11:43:24  Repository [config] has been initialized.
