ERROR info.magnolia.ui.framework.ContextProperty$Impl 23.06.2022 11:53:26 -- Failed to dispatch context property change: javax.jcr.PathNotFoundException: /travel/home
com.machinezoo.noexception.WrappedException: javax.jcr.PathNotFoundException: /travel/home
	at com.machinezoo.noexception.ExceptionWrapper.handle(ExceptionWrapper.java:11) ~[noexception-1.4.4.jar:?]
	at com.machinezoo.noexception.CheckedExceptionHandler.run(CheckedExceptionHandler.java:1713) ~[noexception-1.4.4.jar:?]
	at info.magnolia.pages.app.detail.PageEditorPresenter.lambda$null$1(PageEditorPresenter.java:122) ~[magnolia-pages-app-6.2.19.jar:?]
	at java.util.Optional.ifPresent(Optional.java:183) ~[?:?]
	at info.magnolia.pages.app.detail.PageEditorPresenter.lambda$new$2(PageEditorPresenter.java:121) ~[magnolia-pages-app-6.2.19.jar:?]
	at info.magnolia.ui.framework.ContextProperty$Impl.lambda$observe$5(ContextProperty.java:195) ~[magnolia-ui-framework-6.2.20.jar:?]
	at io.reactivex.internal.subscribers.LambdaSubscriber.onNext(LambdaSubscriber.java:65) ~[rxjava-2.2.18.jar:?]
	at io.reactivex.internal.operators.flowable.FlowableMap$MapSubscriber.onNext(FlowableMap.java:68) ~[rxjava-2.2.18.jar:?]
	at io.reactivex.internal.operators.flowable.FlowableOnBackpressureLatest$BackpressureLatestSubscriber.drain(FlowableOnBackpressureLatest.java:129) ~[rxjava-2.2.18.jar:?]
	at io.reactivex.internal.operators.flowable.FlowableOnBackpressureLatest$BackpressureLatestSubscriber.onNext(FlowableOnBackpressureLatest.java:68) ~[rxjava-2.2.18.jar:?]
	at io.reactivex.internal.operators.flowable.FlowableFromObservable$SubscriberObserver.onNext(FlowableFromObservable.java:54) ~[rxjava-2.2.18.jar:?]
	at io.reactivex.internal.util.NotificationLite.accept(NotificationLite.java:246) ~[rxjava-2.2.18.jar:?]
	at io.reactivex.subjects.BehaviorSubject$BehaviorDisposable.test(BehaviorSubject.java:569) ~[rxjava-2.2.18.jar:?]
	at io.reactivex.subjects.BehaviorSubject$BehaviorDisposable.emitNext(BehaviorSubject.java:564) ~[rxjava-2.2.18.jar:?]
	at io.reactivex.subjects.BehaviorSubject.onNext(BehaviorSubject.java:268) ~[rxjava-2.2.18.jar:?]
	at info.magnolia.ui.framework.ContextProperty$Impl.doSet(ContextProperty.java:250) ~[magnolia-ui-framework-6.2.20.jar:?]
	at info.magnolia.ui.framework.ContextProperty$Impl.set(ContextProperty.java:234) ~[magnolia-ui-framework-6.2.20.jar:?]
	at info.magnolia.ui.framework.ContextProperty$Wrapper.set(ContextProperty.java:127) ~[magnolia-ui-framework-6.2.20.jar:?]
	at info.magnolia.ui.framework.ContextProperty.set(ContextProperty.java:80) ~[magnolia-ui-framework-6.2.20.jar:?]
	at info.magnolia.pages.app.detail.PageDetailSubApp.start(PageDetailSubApp.java:90) ~[magnolia-pages-app-6.2.19.jar:?]
	at info.magnolia.pages.app.detail.PageDetailSubApp.start(PageDetailSubApp.java:68) ~[magnolia-pages-app-6.2.19.jar:?]
	at info.magnolia.ui.framework.app.AppInstanceControllerImpl.startSubApp(AppInstanceControllerImpl.java:423) ~[magnolia-ui-framework-6.2.20.jar:?]
	at info.magnolia.ui.framework.app.AppInstanceControllerImpl.openSubApp(AppInstanceControllerImpl.java:369) ~[magnolia-ui-framework-6.2.20.jar:?]
	at info.magnolia.ui.framework.app.BaseApp.lambda$openSubApp$7(BaseApp.java:138) ~[magnolia-ui-framework-6.2.20.jar:?]
	at java.util.Optional.ifPresent(Optional.java:183) ~[?:?]
	at info.magnolia.util.OptionalConsumer.ifPresent(OptionalConsumer.java:56) ~[magnolia-ui-framework-6.2.20.jar:?]
	at info.magnolia.ui.framework.app.BaseApp.openSubApp(BaseApp.java:138) ~[magnolia-ui-framework-6.2.20.jar:?]
	at info.magnolia.ui.framework.app.BaseApp.start(BaseApp.java:111) ~[magnolia-ui-framework-6.2.20.jar:?]
	at info.magnolia.ui.framework.app.AppInstanceControllerImpl.start(AppInstanceControllerImpl.java:220) ~[magnolia-ui-framework-6.2.20.jar:?]
	at info.magnolia.ui.framework.app.AppControllerImpl.doStartIfNotAlreadyRunning(AppControllerImpl.java:276) ~[magnolia-ui-framework-6.2.20.jar:?]
	at info.magnolia.ui.framework.app.AppControllerImpl.onLocationChanged(AppControllerImpl.java:408) ~[magnolia-ui-framework-6.2.20.jar:?]
	at info.magnolia.ui.api.location.LocationChangedEvent.dispatch(LocationChangedEvent.java:64) ~[magnolia-ui-api-6.2.20.jar:?]
	at info.magnolia.ui.api.location.LocationChangedEvent.dispatch(LocationChangedEvent.java:42) ~[magnolia-ui-api-6.2.20.jar:?]
	at info.magnolia.event.SimpleEventBus.fireEvent(SimpleEventBus.java:75) ~[magnolia-core-6.2.20.jar:?]
	at info.magnolia.event.ResettableEventBus.fireEvent(ResettableEventBus.java:70) ~[magnolia-core-6.2.20.jar:?]
	at info.magnolia.ui.api.location.LocationController.goToWithoutChecks(LocationController.java:135) ~[magnolia-ui-api-6.2.20.jar:?]
	at info.magnolia.ui.api.location.LocationController.goTo(LocationController.java:115) ~[magnolia-ui-api-6.2.20.jar:?]
	at info.magnolia.admincentral.ResurfaceUIPresenter.checkAndNavigate(ResurfaceUIPresenter.java:152) ~[magnolia-admincentral-6.2.20.jar:?]
	at info.magnolia.admincentral.ResurfaceUIPresenter.start(ResurfaceUIPresenter.java:113) ~[magnolia-admincentral-6.2.20.jar:?]
	at info.magnolia.admincentral.ResurfaceUI.init(ResurfaceUI.java:119) ~[magnolia-admincentral-6.2.20.jar:?]
	at com.vaadin.ui.UI.doInit(UI.java:771) ~[vaadin-server-8.15.2.jar:8.15.2]
	at com.vaadin.server.communication.UIInitHandler.getBrowserDetailsUI(UIInitHandler.java:218) ~[vaadin-server-8.15.2.jar:8.15.2]
	at com.vaadin.server.communication.UIInitHandler.synchronizedHandleRequest(UIInitHandler.java:76) ~[vaadin-server-8.15.2.jar:8.15.2]
	at com.vaadin.server.SynchronizedRequestHandler.handleRequest(SynchronizedRequestHandler.java:40) ~[vaadin-server-8.15.2.jar:8.15.2]
	at com.vaadin.server.VaadinService.handleRequest(VaadinService.java:1637) ~[vaadin-server-8.15.2.jar:8.15.2]
	at com.vaadin.server.VaadinServlet.service(VaadinServlet.java:464) ~[vaadin-server-8.15.2.jar:8.15.2]
	at info.magnolia.admincentral.AdmincentralServlet.service(AdmincentralServlet.java:119) ~[magnolia-admincentral-6.2.20.jar:?]
	at javax.servlet.http.HttpServlet.service(HttpServlet.java:764) ~[servlet-api.jar:4.0.FR]
	at info.magnolia.cms.filters.ServletDispatchingFilter.doFilter(ServletDispatchingFilter.java:148) ~[magnolia-core-6.2.20.jar:?]
	at info.magnolia.cms.filters.AbstractMgnlFilter.doFilter(AbstractMgnlFilter.java:85) ~[magnolia-core-6.2.20.jar:?]
	at info.magnolia.cms.filters.MgnlFilterChain.doFilter(MgnlFilterChain.java:79) ~[magnolia-core-6.2.20.jar:?]
	at info.magnolia.cms.filters.MgnlFilterChain.doFilter(MgnlFilterChain.java:81) ~[magnolia-core-6.2.20.jar:?]
	at info.magnolia.cms.filters.MgnlFilterChain.doFilter(MgnlFilterChain.java:81) ~[magnolia-core-6.2.20.jar:?]
	at info.magnolia.cms.filters.MgnlFilterChain.doFilter(MgnlFilterChain.java:81) ~[magnolia-core-6.2.20.jar:?]
	at info.magnolia.cms.filters.MgnlFilterChain.doFilter(MgnlFilterChain.java:81) ~[magnolia-core-6.2.20.jar:?]
	at info.magnolia.cms.filters.CompositeFilter.doFilter(CompositeFilter.java:75) ~[magnolia-core-6.2.20.jar:?]
	at info.magnolia.cms.filters.AbstractMgnlFilter.doFilter(AbstractMgnlFilter.java:85) ~[magnolia-core-6.2.20.jar:?]
	at info.magnolia.cms.filters.MgnlFilterChain.doFilter(MgnlFilterChain.java:79) ~[magnolia-core-6.2.20.jar:?]
	at info.magnolia.module.cache.executor.Bypass.processCacheRequest(Bypass.java:58) ~[magnolia-cache-core-5.9.4.jar:?]
	at info.magnolia.module.cache.executor.CompositeExecutor.processCacheRequest(CompositeExecutor.java:66) ~[magnolia-cache-core-5.9.4.jar:?]
	at info.magnolia.module.cache.filter.CacheFilter.doFilter(CacheFilter.java:164) ~[magnolia-cache-core-5.9.4.jar:?]
	at info.magnolia.cms.filters.AbstractMgnlFilter.doFilter(AbstractMgnlFilter.java:85) ~[magnolia-core-6.2.20.jar:?]
	at info.magnolia.cms.filters.MgnlFilterChain.doFilter(MgnlFilterChain.java:79) ~[magnolia-core-6.2.20.jar:?]
	at info.magnolia.cms.i18n.I18nContentSupportFilter.doFilter(I18nContentSupportFilter.java:85) ~[magnolia-core-6.2.20.jar:?]
	at info.magnolia.cms.filters.AbstractMgnlFilter.doFilter(AbstractMgnlFilter.java:85) ~[magnolia-core-6.2.20.jar:?]
	at info.magnolia.cms.filters.MgnlFilterChain.doFilter(MgnlFilterChain.java:79) ~[magnolia-core-6.2.20.jar:?]
	at info.magnolia.virtualuri.VirtualUriFilter.doFilter(VirtualUriFilter.java:102) ~[magnolia-virtual-uri-6.2.20.jar:?]
	at info.magnolia.cms.filters.AbstractMgnlFilter.doFilter(AbstractMgnlFilter.java:85) ~[magnolia-core-6.2.20.jar:?]
	at info.magnolia.cms.filters.MgnlFilterChain.doFilter(MgnlFilterChain.java:79) ~[magnolia-core-6.2.20.jar:?]
	at info.magnolia.cms.filters.RangeSupportFilter.doFilter(RangeSupportFilter.java:78) ~[magnolia-core-6.2.20.jar:?]
	at info.magnolia.cms.filters.AbstractMgnlFilter.doFilter(AbstractMgnlFilter.java:85) ~[magnolia-core-6.2.20.jar:?]
	at info.magnolia.cms.filters.MgnlFilterChain.doFilter(MgnlFilterChain.java:79) ~[magnolia-core-6.2.20.jar:?]
	at info.magnolia.cms.security.BaseSecurityFilter.doFilter(BaseSecurityFilter.java:57) ~[magnolia-core-6.2.20.jar:?]
	at info.magnolia.cms.filters.AbstractMgnlFilter.doFilter(AbstractMgnlFilter.java:85) ~[magnolia-core-6.2.20.jar:?]
	at info.magnolia.cms.filters.MgnlFilterChain.doFilter(MgnlFilterChain.java:79) ~[magnolia-core-6.2.20.jar:?]
	at info.magnolia.cors.AbstractCorsFilter.doFilter(AbstractCorsFilter.java:77) ~[magnolia-core-6.2.20.jar:?]
	at info.magnolia.cms.filters.AbstractMgnlFilter.doFilter(AbstractMgnlFilter.java:85) ~[magnolia-core-6.2.20.jar:?]
	at info.magnolia.cms.filters.CompositeFilter.doFilter(CompositeFilter.java:79) ~[magnolia-core-6.2.20.jar:?]
	at info.magnolia.cms.filters.AbstractMgnlFilter.doFilter(AbstractMgnlFilter.java:85) ~[magnolia-core-6.2.20.jar:?]
	at info.magnolia.cms.filters.MgnlFilterChain.doFilter(MgnlFilterChain.java:79) ~[magnolia-core-6.2.20.jar:?]
	at info.magnolia.cms.filters.MgnlFilterChain.doFilter(MgnlFilterChain.java:81) ~[magnolia-core-6.2.20.jar:?]
	at info.magnolia.cms.security.SecurityCallbackFilter.doFilter(SecurityCallbackFilter.java:84) ~[magnolia-core-6.2.20.jar:?]
	at info.magnolia.cms.filters.OncePerRequestAbstractMgnlFilter.doFilter(OncePerRequestAbstractMgnlFilter.java:59) ~[magnolia-core-6.2.20.jar:?]
	at info.magnolia.cms.filters.MgnlFilterChain.doFilter(MgnlFilterChain.java:79) ~[magnolia-core-6.2.20.jar:?]
	at info.magnolia.cms.security.LogoutFilter.doFilter(LogoutFilter.java:94) ~[magnolia-core-6.2.20.jar:?]
	at info.magnolia.cms.filters.OncePerRequestAbstractMgnlFilter.doFilter(OncePerRequestAbstractMgnlFilter.java:59) ~[magnolia-core-6.2.20.jar:?]
	at info.magnolia.cms.filters.MgnlFilterChain.doFilter(MgnlFilterChain.java:79) ~[magnolia-core-6.2.20.jar:?]
	at info.magnolia.module.site.filters.SiteMergeFilter.doFilter(SiteMergeFilter.java:119) ~[magnolia-site-1.4.4.jar:?]
	at info.magnolia.cms.filters.AbstractMgnlFilter.doFilter(AbstractMgnlFilter.java:85) ~[magnolia-core-6.2.20.jar:?]
	at info.magnolia.cms.filters.MgnlFilterChain.doFilter(MgnlFilterChain.java:79) ~[magnolia-core-6.2.20.jar:?]
	at info.magnolia.cms.filters.MultiChannelFilter.doFilter(MultiChannelFilter.java:83) ~[magnolia-core-6.2.20.jar:?]
	at info.magnolia.cms.filters.AbstractMgnlFilter.doFilter(AbstractMgnlFilter.java:85) ~[magnolia-core-6.2.20.jar:?]
	at info.magnolia.cms.filters.MgnlFilterChain.doFilter(MgnlFilterChain.java:79) ~[magnolia-core-6.2.20.jar:?]
	at info.magnolia.module.cache.filter.GZipFilter.doFilter(GZipFilter.java:74) ~[magnolia-cache-core-5.9.4.jar:?]
	at info.magnolia.cms.filters.OncePerRequestAbstractMgnlFilter.doFilter(OncePerRequestAbstractMgnlFilter.java:59) ~[magnolia-core-6.2.20.jar:?]
	at info.magnolia.cms.filters.MgnlFilterChain.doFilter(MgnlFilterChain.java:79) ~[magnolia-core-6.2.20.jar:?]
	at info.magnolia.cms.filters.MgnlFilterChain.doFilter(MgnlFilterChain.java:81) ~[magnolia-core-6.2.20.jar:?]
	at info.magnolia.cms.security.auth.login.LoginFilter.doFilter(LoginFilter.java:128) ~[magnolia-core-6.2.20.jar:?]
	at info.magnolia.cms.filters.AbstractMgnlFilter.doFilter(AbstractMgnlFilter.java:85) ~[magnolia-core-6.2.20.jar:?]
	at info.magnolia.cms.filters.MgnlFilterChain.doFilter(MgnlFilterChain.java:79) ~[magnolia-core-6.2.20.jar:?]
	at info.magnolia.cms.filters.MgnlFilterChain.doFilter(MgnlFilterChain.java:74) ~[magnolia-core-6.2.20.jar:?]
	at info.magnolia.cms.filters.MgnlFilterChain.doFilter(MgnlFilterChain.java:81) ~[magnolia-core-6.2.20.jar:?]
	at info.magnolia.cms.filters.MgnlFilterChain.doFilter(MgnlFilterChain.java:81) ~[magnolia-core-6.2.20.jar:?]
	at info.magnolia.cms.filters.CompositeFilter.doFilter(CompositeFilter.java:75) ~[magnolia-core-6.2.20.jar:?]
	at info.magnolia.cms.filters.AbstractMgnlFilter.doFilter(AbstractMgnlFilter.java:85) ~[magnolia-core-6.2.20.jar:?]
	at info.magnolia.cms.filters.MgnlFilterChain.doFilter(MgnlFilterChain.java:79) ~[magnolia-core-6.2.20.jar:?]
	at info.magnolia.cms.filters.MgnlFilterChain.doFilter(MgnlFilterChain.java:81) ~[magnolia-core-6.2.20.jar:?]
	at info.magnolia.cms.filters.MgnlFilterChain.doFilter(MgnlFilterChain.java:81) ~[magnolia-core-6.2.20.jar:?]
	at info.magnolia.cms.filters.ContentTypeFilter.doFilter(ContentTypeFilter.java:155) ~[magnolia-core-6.2.20.jar:?]
	at info.magnolia.cms.filters.AbstractMgnlFilter.doFilter(AbstractMgnlFilter.java:85) ~[magnolia-core-6.2.20.jar:?]
	at info.magnolia.cms.filters.MgnlFilterChain.doFilter(MgnlFilterChain.java:79) ~[magnolia-core-6.2.20.jar:?]
	at info.magnolia.cms.filters.ContextFilter.doFilter(ContextFilter.java:128) ~[magnolia-core-6.2.20.jar:?]
	at info.magnolia.cms.filters.AbstractMgnlFilter.doFilter(AbstractMgnlFilter.java:85) ~[magnolia-core-6.2.20.jar:?]
	at info.magnolia.cms.filters.MgnlFilterChain.doFilter(MgnlFilterChain.java:79) ~[magnolia-core-6.2.20.jar:?]
	at info.magnolia.cms.filters.CompositeFilter.doFilter(CompositeFilter.java:75) ~[magnolia-core-6.2.20.jar:?]
	at info.magnolia.cms.filters.AbstractMgnlFilter.doFilter(AbstractMgnlFilter.java:85) ~[magnolia-core-6.2.20.jar:?]
	at info.magnolia.cms.filters.SafeDestroyMgnlFilterWrapper.doFilter(SafeDestroyMgnlFilterWrapper.java:107) ~[magnolia-core-6.2.20.jar:?]
	at info.magnolia.cms.filters.MgnlFilterDispatcher.doDispatch(MgnlFilterDispatcher.java:67) ~[magnolia-core-6.2.20.jar:?]
	at info.magnolia.cms.filters.MgnlMainFilter.doFilter(MgnlMainFilter.java:110) ~[magnolia-core-6.2.20.jar:?]
	at info.magnolia.cms.filters.MgnlMainFilter.doFilter(MgnlMainFilter.java:96) ~[magnolia-core-6.2.20.jar:?]
	at org.apache.catalina.core.ApplicationFilterChain.internalDoFilter(ApplicationFilterChain.java:189) ~[catalina.jar:9.0.64]
	at org.apache.catalina.core.ApplicationFilterChain.doFilter(ApplicationFilterChain.java:162) ~[catalina.jar:9.0.64]
	at org.apache.catalina.core.StandardWrapperValve.invoke(StandardWrapperValve.java:197) ~[catalina.jar:9.0.64]
	at org.apache.catalina.core.StandardContextValve.invoke(StandardContextValve.java:97) ~[catalina.jar:9.0.64]
	at org.apache.catalina.authenticator.AuthenticatorBase.invoke(AuthenticatorBase.java:541) ~[catalina.jar:9.0.64]
	at org.apache.catalina.core.StandardHostValve.invoke(StandardHostValve.java:135) ~[catalina.jar:9.0.64]
	at org.apache.catalina.valves.ErrorReportValve.invoke(ErrorReportValve.java:92) ~[catalina.jar:9.0.64]
	at org.apache.catalina.valves.AbstractAccessLogValve.invoke(AbstractAccessLogValve.java:687) ~[catalina.jar:9.0.64]
	at org.apache.catalina.core.StandardEngineValve.invoke(StandardEngineValve.java:78) ~[catalina.jar:9.0.64]
	at org.apache.catalina.connector.CoyoteAdapter.service(CoyoteAdapter.java:360) ~[catalina.jar:9.0.64]
	at org.apache.coyote.http11.Http11Processor.service(Http11Processor.java:399) ~[tomcat-coyote.jar:9.0.64]
	at org.apache.coyote.AbstractProcessorLight.process(AbstractProcessorLight.java:65) ~[tomcat-coyote.jar:9.0.64]
	at org.apache.coyote.AbstractProtocol$ConnectionHandler.process(AbstractProtocol.java:890) ~[tomcat-coyote.jar:9.0.64]
	at org.apache.tomcat.util.net.NioEndpoint$SocketProcessor.doRun(NioEndpoint.java:1787) ~[tomcat-coyote.jar:9.0.64]
	at org.apache.tomcat.util.net.SocketProcessorBase.run(SocketProcessorBase.java:49) ~[tomcat-coyote.jar:9.0.64]
	at org.apache.tomcat.util.threads.ThreadPoolExecutor.runWorker(ThreadPoolExecutor.java:1191) ~[tomcat-util.jar:9.0.64]
	at org.apache.tomcat.util.threads.ThreadPoolExecutor$Worker.run(ThreadPoolExecutor.java:659) ~[tomcat-util.jar:9.0.64]
	at org.apache.tomcat.util.threads.TaskThread$WrappingRunnable.run(TaskThread.java:61) ~[tomcat-util.jar:9.0.64]
	at java.lang.Thread.run(Thread.java:834) ~[?:?]
Caused by: javax.jcr.PathNotFoundException: /travel/home
	at org.apache.jackrabbit.core.ItemManager.getNode(ItemManager.java:576) ~[jackrabbit-core-2.20.4.jar:2.20.4]
	at org.apache.jackrabbit.core.session.SessionItemOperation$6.perform(SessionItemOperation.java:129) ~[jackrabbit-core-2.20.4.jar:2.20.4]
	at org.apache.jackrabbit.core.session.SessionItemOperation$6.perform(SessionItemOperation.java:125) ~[jackrabbit-core-2.20.4.jar:2.20.4]
	at org.apache.jackrabbit.core.session.SessionItemOperation.perform(SessionItemOperation.java:187) ~[jackrabbit-core-2.20.4.jar:2.20.4]
	at org.apache.jackrabbit.core.session.SessionState.perform(SessionState.java:216) ~[jackrabbit-core-2.20.4.jar:2.20.4]
	at org.apache.jackrabbit.core.SessionImpl.perform(SessionImpl.java:363) ~[jackrabbit-core-2.20.4.jar:2.20.4]
	at org.apache.jackrabbit.core.SessionImpl.getNode(SessionImpl.java:1151) ~[jackrabbit-core-2.20.4.jar:2.20.4]
	at info.magnolia.jcr.wrapper.DelegateSessionWrapper.getNode(DelegateSessionWrapper.java:177) ~[magnolia-core-6.2.20.jar:?]
	at info.magnolia.jcr.wrapper.DelegateSessionWrapper.getNode(DelegateSessionWrapper.java:177) ~[magnolia-core-6.2.20.jar:?]
	at info.magnolia.jcr.decoration.ContentDecoratorSessionWrapper.getNode(ContentDecoratorSessionWrapper.java:120) ~[magnolia-core-6.2.20.jar:?]
	at info.magnolia.jcr.wrapper.DelegateSessionWrapper.getNode(DelegateSessionWrapper.java:177) ~[magnolia-core-6.2.20.jar:?]
	at info.magnolia.jcr.decoration.ContentDecoratorSessionWrapper.getNode(ContentDecoratorSessionWrapper.java:120) ~[magnolia-core-6.2.20.jar:?]
	at info.magnolia.jcr.wrapper.DelegateSessionWrapper.getNode(DelegateSessionWrapper.java:177) ~[magnolia-core-6.2.20.jar:?]
	at info.magnolia.jcr.decoration.ContentDecoratorSessionWrapper.getNode(ContentDecoratorSessionWrapper.java:120) ~[magnolia-core-6.2.20.jar:?]
	at info.magnolia.jcr.wrapper.DelegateSessionWrapper.getNode(DelegateSessionWrapper.java:177) ~[magnolia-core-6.2.20.jar:?]
	at info.magnolia.jcr.decoration.ContentDecoratorSessionWrapper.getNode(ContentDecoratorSessionWrapper.java:120) ~[magnolia-core-6.2.20.jar:?]
	at info.magnolia.jcr.wrapper.DelegateSessionWrapper.getNode(DelegateSessionWrapper.java:177) ~[magnolia-core-6.2.20.jar:?]
	at info.magnolia.jcr.decoration.ContentDecoratorSessionWrapper.getNode(ContentDecoratorSessionWrapper.java:120) ~[magnolia-core-6.2.20.jar:?]
	at info.magnolia.jcr.wrapper.DelegateSessionWrapper.getNode(DelegateSessionWrapper.java:177) ~[magnolia-core-6.2.20.jar:?]
	at info.magnolia.jcr.decoration.ContentDecoratorSessionWrapper.getNode(ContentDecoratorSessionWrapper.java:120) ~[magnolia-core-6.2.20.jar:?]
	at info.magnolia.pages.app.detail.PageEditorPresenter.lambda$null$0(PageEditorPresenter.java:123) ~[magnolia-pages-app-6.2.19.jar:?]
	at com.machinezoo.noexception.CheckedExceptionHandler.run(CheckedExceptionHandler.java:1709) ~[noexception-1.4.4.jar:?]
	... 137 more
ERROR info.magnolia.ui.framework.app.AppInstanceControllerImpl 23.06.2022 11:53:26 -- App pages-app failed to start: null
java.lang.NullPointerException: null
	at org.apache.jackrabbit.spi.commons.conversion.CachingPathResolver.getQPath(CachingPathResolver.java:93) ~[jackrabbit-spi-commons-2.20.4.jar:?]
	at org.apache.jackrabbit.spi.commons.conversion.CachingPathResolver.getQPath(CachingPathResolver.java:77) ~[jackrabbit-spi-commons-2.20.4.jar:?]
	at org.apache.jackrabbit.spi.commons.conversion.DefaultNamePathResolver.getQPath(DefaultNamePathResolver.java:82) ~[jackrabbit-spi-commons-2.20.4.jar:?]
	at org.apache.jackrabbit.core.SessionImpl.getQPath(SessionImpl.java:650) ~[jackrabbit-core-2.20.4.jar:2.20.4]
	at org.apache.jackrabbit.core.session.SessionContext.getQPath(SessionContext.java:338) ~[jackrabbit-core-2.20.4.jar:2.20.4]
	at org.apache.jackrabbit.core.session.SessionItemOperation.perform(SessionItemOperation.java:185) ~[jackrabbit-core-2.20.4.jar:2.20.4]
	at org.apache.jackrabbit.core.session.SessionState.perform(SessionState.java:216) ~[jackrabbit-core-2.20.4.jar:2.20.4]
	at org.apache.jackrabbit.core.SessionImpl.perform(SessionImpl.java:363) ~[jackrabbit-core-2.20.4.jar:2.20.4]
	at org.apache.jackrabbit.core.SessionImpl.nodeExists(SessionImpl.java:1178) ~[jackrabbit-core-2.20.4.jar:2.20.4]
	at info.magnolia.jcr.wrapper.DelegateSessionWrapper.nodeExists(DelegateSessionWrapper.java:272) ~[magnolia-core-6.2.20.jar:?]
	at info.magnolia.jcr.wrapper.DelegateSessionWrapper.nodeExists(DelegateSessionWrapper.java:272) ~[magnolia-core-6.2.20.jar:?]
	at info.magnolia.jcr.decoration.ContentDecoratorSessionWrapper.nodeExists(ContentDecoratorSessionWrapper.java:115) ~[magnolia-core-6.2.20.jar:?]
	at info.magnolia.jcr.wrapper.DelegateSessionWrapper.nodeExists(DelegateSessionWrapper.java:272) ~[magnolia-core-6.2.20.jar:?]
	at info.magnolia.jcr.decoration.ContentDecoratorSessionWrapper.nodeExists(ContentDecoratorSessionWrapper.java:115) ~[magnolia-core-6.2.20.jar:?]
	at info.magnolia.jcr.wrapper.DelegateSessionWrapper.nodeExists(DelegateSessionWrapper.java:272) ~[magnolia-core-6.2.20.jar:?]
	at info.magnolia.jcr.decoration.ContentDecoratorSessionWrapper.nodeExists(ContentDecoratorSessionWrapper.java:115) ~[magnolia-core-6.2.20.jar:?]
	at info.magnolia.jcr.wrapper.DelegateSessionWrapper.nodeExists(DelegateSessionWrapper.java:272) ~[magnolia-core-6.2.20.jar:?]
	at info.magnolia.jcr.decoration.ContentDecoratorSessionWrapper.nodeExists(ContentDecoratorSessionWrapper.java:115) ~[magnolia-core-6.2.20.jar:?]
	at info.magnolia.jcr.wrapper.DelegateSessionWrapper.nodeExists(DelegateSessionWrapper.java:272) ~[magnolia-core-6.2.20.jar:?]
	at info.magnolia.jcr.decoration.ContentDecoratorSessionWrapper.nodeExists(ContentDecoratorSessionWrapper.java:115) ~[magnolia-core-6.2.20.jar:?]
	at info.magnolia.jcr.wrapper.DelegateSessionWrapper.nodeExists(DelegateSessionWrapper.java:272) ~[magnolia-core-6.2.20.jar:?]
	at info.magnolia.jcr.decoration.ContentDecoratorSessionWrapper.nodeExists(ContentDecoratorSessionWrapper.java:115) ~[magnolia-core-6.2.20.jar:?]
	at info.magnolia.pages.app.detail.PageEditorStatus.lambda$getPageTitle$3(PageEditorStatus.java:185) ~[magnolia-pages-app-6.2.19.jar:?]
	at com.machinezoo.noexception.CheckedExceptionHandler.get(CheckedExceptionHandler.java:1737) ~[noexception-1.4.4.jar:?]
	at info.magnolia.pages.app.detail.PageEditorStatus.getPageTitle(PageEditorStatus.java:183) ~[magnolia-pages-app-6.2.19.jar:?]
	at info.magnolia.pages.app.detail.PageDetailSubApp.getCaption(PageDetailSubApp.java:104) ~[magnolia-pages-app-6.2.19.jar:?]
	at info.magnolia.ui.framework.app.AppInstanceControllerImpl.startSubApp(AppInstanceControllerImpl.java:436) ~[magnolia-ui-framework-6.2.20.jar:?]
	at info.magnolia.ui.framework.app.AppInstanceControllerImpl.openSubApp(AppInstanceControllerImpl.java:369) ~[magnolia-ui-framework-6.2.20.jar:?]
	at info.magnolia.ui.framework.app.BaseApp.lambda$openSubApp$7(BaseApp.java:138) ~[magnolia-ui-framework-6.2.20.jar:?]
	at java.util.Optional.ifPresent(Optional.java:183) ~[?:?]
	at info.magnolia.util.OptionalConsumer.ifPresent(OptionalConsumer.java:56) ~[magnolia-ui-framework-6.2.20.jar:?]
	at info.magnolia.ui.framework.app.BaseApp.openSubApp(BaseApp.java:138) ~[magnolia-ui-framework-6.2.20.jar:?]
	at info.magnolia.ui.framework.app.BaseApp.start(BaseApp.java:111) ~[magnolia-ui-framework-6.2.20.jar:?]
	at info.magnolia.ui.framework.app.AppInstanceControllerImpl.start(AppInstanceControllerImpl.java:220) ~[magnolia-ui-framework-6.2.20.jar:?]
	at info.magnolia.ui.framework.app.AppControllerImpl.doStartIfNotAlreadyRunning(AppControllerImpl.java:276) ~[magnolia-ui-framework-6.2.20.jar:?]
	at info.magnolia.ui.framework.app.AppControllerImpl.onLocationChanged(AppControllerImpl.java:408) ~[magnolia-ui-framework-6.2.20.jar:?]
	at info.magnolia.ui.api.location.LocationChangedEvent.dispatch(LocationChangedEvent.java:64) ~[magnolia-ui-api-6.2.20.jar:?]
	at info.magnolia.ui.api.location.LocationChangedEvent.dispatch(LocationChangedEvent.java:42) ~[magnolia-ui-api-6.2.20.jar:?]
	at info.magnolia.event.SimpleEventBus.fireEvent(SimpleEventBus.java:75) ~[magnolia-core-6.2.20.jar:?]
	at info.magnolia.event.ResettableEventBus.fireEvent(ResettableEventBus.java:70) ~[magnolia-core-6.2.20.jar:?]
	at info.magnolia.ui.api.location.LocationController.goToWithoutChecks(LocationController.java:135) ~[magnolia-ui-api-6.2.20.jar:?]
	at info.magnolia.ui.api.location.LocationController.goTo(LocationController.java:115) ~[magnolia-ui-api-6.2.20.jar:?]
	at info.magnolia.admincentral.ResurfaceUIPresenter.checkAndNavigate(ResurfaceUIPresenter.java:152) ~[magnolia-admincentral-6.2.20.jar:?]
	at info.magnolia.admincentral.ResurfaceUIPresenter.start(ResurfaceUIPresenter.java:113) ~[magnolia-admincentral-6.2.20.jar:?]
	at info.magnolia.admincentral.ResurfaceUI.init(ResurfaceUI.java:119) ~[magnolia-admincentral-6.2.20.jar:?]
	at com.vaadin.ui.UI.doInit(UI.java:771) ~[vaadin-server-8.15.2.jar:8.15.2]
	at com.vaadin.server.communication.UIInitHandler.getBrowserDetailsUI(UIInitHandler.java:218) ~[vaadin-server-8.15.2.jar:8.15.2]
	at com.vaadin.server.communication.UIInitHandler.synchronizedHandleRequest(UIInitHandler.java:76) ~[vaadin-server-8.15.2.jar:8.15.2]
	at com.vaadin.server.SynchronizedRequestHandler.handleRequest(SynchronizedRequestHandler.java:40) ~[vaadin-server-8.15.2.jar:8.15.2]
	at com.vaadin.server.VaadinService.handleRequest(VaadinService.java:1637) ~[vaadin-server-8.15.2.jar:8.15.2]
	at com.vaadin.server.VaadinServlet.service(VaadinServlet.java:464) ~[vaadin-server-8.15.2.jar:8.15.2]
	at info.magnolia.admincentral.AdmincentralServlet.service(AdmincentralServlet.java:119) ~[magnolia-admincentral-6.2.20.jar:?]
	at javax.servlet.http.HttpServlet.service(HttpServlet.java:764) ~[servlet-api.jar:4.0.FR]
	at info.magnolia.cms.filters.ServletDispatchingFilter.doFilter(ServletDispatchingFilter.java:148) ~[magnolia-core-6.2.20.jar:?]
	at info.magnolia.cms.filters.AbstractMgnlFilter.doFilter(AbstractMgnlFilter.java:85) ~[magnolia-core-6.2.20.jar:?]
	at info.magnolia.cms.filters.MgnlFilterChain.doFilter(MgnlFilterChain.java:79) ~[magnolia-core-6.2.20.jar:?]
	at info.magnolia.cms.filters.MgnlFilterChain.doFilter(MgnlFilterChain.java:81) ~[magnolia-core-6.2.20.jar:?]
	at info.magnolia.cms.filters.MgnlFilterChain.doFilter(MgnlFilterChain.java:81) ~[magnolia-core-6.2.20.jar:?]
	at info.magnolia.cms.filters.MgnlFilterChain.doFilter(MgnlFilterChain.java:81) ~[magnolia-core-6.2.20.jar:?]
	at info.magnolia.cms.filters.MgnlFilterChain.doFilter(MgnlFilterChain.java:81) ~[magnolia-core-6.2.20.jar:?]
	at info.magnolia.cms.filters.CompositeFilter.doFilter(CompositeFilter.java:75) ~[magnolia-core-6.2.20.jar:?]
	at info.magnolia.cms.filters.AbstractMgnlFilter.doFilter(AbstractMgnlFilter.java:85) ~[magnolia-core-6.2.20.jar:?]
	at info.magnolia.cms.filters.MgnlFilterChain.doFilter(MgnlFilterChain.java:79) ~[magnolia-core-6.2.20.jar:?]
	at info.magnolia.module.cache.executor.Bypass.processCacheRequest(Bypass.java:58) ~[magnolia-cache-core-5.9.4.jar:?]
	at info.magnolia.module.cache.executor.CompositeExecutor.processCacheRequest(CompositeExecutor.java:66) ~[magnolia-cache-core-5.9.4.jar:?]
	at info.magnolia.module.cache.filter.CacheFilter.doFilter(CacheFilter.java:164) ~[magnolia-cache-core-5.9.4.jar:?]
	at info.magnolia.cms.filters.AbstractMgnlFilter.doFilter(AbstractMgnlFilter.java:85) ~[magnolia-core-6.2.20.jar:?]
	at info.magnolia.cms.filters.MgnlFilterChain.doFilter(MgnlFilterChain.java:79) ~[magnolia-core-6.2.20.jar:?]
	at info.magnolia.cms.i18n.I18nContentSupportFilter.doFilter(I18nContentSupportFilter.java:85) ~[magnolia-core-6.2.20.jar:?]
	at info.magnolia.cms.filters.AbstractMgnlFilter.doFilter(AbstractMgnlFilter.java:85) ~[magnolia-core-6.2.20.jar:?]
	at info.magnolia.cms.filters.MgnlFilterChain.doFilter(MgnlFilterChain.java:79) ~[magnolia-core-6.2.20.jar:?]
	at info.magnolia.virtualuri.VirtualUriFilter.doFilter(VirtualUriFilter.java:102) ~[magnolia-virtual-uri-6.2.20.jar:?]
	at info.magnolia.cms.filters.AbstractMgnlFilter.doFilter(AbstractMgnlFilter.java:85) ~[magnolia-core-6.2.20.jar:?]
	at info.magnolia.cms.filters.MgnlFilterChain.doFilter(MgnlFilterChain.java:79) ~[magnolia-core-6.2.20.jar:?]
	at info.magnolia.cms.filters.RangeSupportFilter.doFilter(RangeSupportFilter.java:78) ~[magnolia-core-6.2.20.jar:?]
	at info.magnolia.cms.filters.AbstractMgnlFilter.doFilter(AbstractMgnlFilter.java:85) ~[magnolia-core-6.2.20.jar:?]
	at info.magnolia.cms.filters.MgnlFilterChain.doFilter(MgnlFilterChain.java:79) ~[magnolia-core-6.2.20.jar:?]
	at info.magnolia.cms.security.BaseSecurityFilter.doFilter(BaseSecurityFilter.java:57) ~[magnolia-core-6.2.20.jar:?]
	at info.magnolia.cms.filters.AbstractMgnlFilter.doFilter(AbstractMgnlFilter.java:85) ~[magnolia-core-6.2.20.jar:?]
	at info.magnolia.cms.filters.MgnlFilterChain.doFilter(MgnlFilterChain.java:79) ~[magnolia-core-6.2.20.jar:?]
	at info.magnolia.cors.AbstractCorsFilter.doFilter(AbstractCorsFilter.java:77) ~[magnolia-core-6.2.20.jar:?]
	at info.magnolia.cms.filters.AbstractMgnlFilter.doFilter(AbstractMgnlFilter.java:85) ~[magnolia-core-6.2.20.jar:?]
	at info.magnolia.cms.filters.CompositeFilter.doFilter(CompositeFilter.java:79) ~[magnolia-core-6.2.20.jar:?]
	at info.magnolia.cms.filters.AbstractMgnlFilter.doFilter(AbstractMgnlFilter.java:85) ~[magnolia-core-6.2.20.jar:?]
	at info.magnolia.cms.filters.MgnlFilterChain.doFilter(MgnlFilterChain.java:79) ~[magnolia-core-6.2.20.jar:?]
	at info.magnolia.cms.filters.MgnlFilterChain.doFilter(MgnlFilterChain.java:81) ~[magnolia-core-6.2.20.jar:?]
	at info.magnolia.cms.security.SecurityCallbackFilter.doFilter(SecurityCallbackFilter.java:84) ~[magnolia-core-6.2.20.jar:?]
	at info.magnolia.cms.filters.OncePerRequestAbstractMgnlFilter.doFilter(OncePerRequestAbstractMgnlFilter.java:59) ~[magnolia-core-6.2.20.jar:?]
	at info.magnolia.cms.filters.MgnlFilterChain.doFilter(MgnlFilterChain.java:79) ~[magnolia-core-6.2.20.jar:?]
	at info.magnolia.cms.security.LogoutFilter.doFilter(LogoutFilter.java:94) ~[magnolia-core-6.2.20.jar:?]
	at info.magnolia.cms.filters.OncePerRequestAbstractMgnlFilter.doFilter(OncePerRequestAbstractMgnlFilter.java:59) ~[magnolia-core-6.2.20.jar:?]
	at info.magnolia.cms.filters.MgnlFilterChain.doFilter(MgnlFilterChain.java:79) ~[magnolia-core-6.2.20.jar:?]
	at info.magnolia.module.site.filters.SiteMergeFilter.doFilter(SiteMergeFilter.java:119) ~[magnolia-site-1.4.4.jar:?]
	at info.magnolia.cms.filters.AbstractMgnlFilter.doFilter(AbstractMgnlFilter.java:85) ~[magnolia-core-6.2.20.jar:?]
	at info.magnolia.cms.filters.MgnlFilterChain.doFilter(MgnlFilterChain.java:79) ~[magnolia-core-6.2.20.jar:?]
	at info.magnolia.cms.filters.MultiChannelFilter.doFilter(MultiChannelFilter.java:83) ~[magnolia-core-6.2.20.jar:?]
	at info.magnolia.cms.filters.AbstractMgnlFilter.doFilter(AbstractMgnlFilter.java:85) ~[magnolia-core-6.2.20.jar:?]
	at info.magnolia.cms.filters.MgnlFilterChain.doFilter(MgnlFilterChain.java:79) ~[magnolia-core-6.2.20.jar:?]
	at info.magnolia.module.cache.filter.GZipFilter.doFilter(GZipFilter.java:74) ~[magnolia-cache-core-5.9.4.jar:?]
	at info.magnolia.cms.filters.OncePerRequestAbstractMgnlFilter.doFilter(OncePerRequestAbstractMgnlFilter.java:59) ~[magnolia-core-6.2.20.jar:?]
	at info.magnolia.cms.filters.MgnlFilterChain.doFilter(MgnlFilterChain.java:79) ~[magnolia-core-6.2.20.jar:?]
	at info.magnolia.cms.filters.MgnlFilterChain.doFilter(MgnlFilterChain.java:81) ~[magnolia-core-6.2.20.jar:?]
	at info.magnolia.cms.security.auth.login.LoginFilter.doFilter(LoginFilter.java:128) ~[magnolia-core-6.2.20.jar:?]
	at info.magnolia.cms.filters.AbstractMgnlFilter.doFilter(AbstractMgnlFilter.java:85) ~[magnolia-core-6.2.20.jar:?]
	at info.magnolia.cms.filters.MgnlFilterChain.doFilter(MgnlFilterChain.java:79) ~[magnolia-core-6.2.20.jar:?]
	at info.magnolia.cms.filters.MgnlFilterChain.doFilter(MgnlFilterChain.java:74) ~[magnolia-core-6.2.20.jar:?]
	at info.magnolia.cms.filters.MgnlFilterChain.doFilter(MgnlFilterChain.java:81) ~[magnolia-core-6.2.20.jar:?]
	at info.magnolia.cms.filters.MgnlFilterChain.doFilter(MgnlFilterChain.java:81) ~[magnolia-core-6.2.20.jar:?]
	at info.magnolia.cms.filters.CompositeFilter.doFilter(CompositeFilter.java:75) ~[magnolia-core-6.2.20.jar:?]
	at info.magnolia.cms.filters.AbstractMgnlFilter.doFilter(AbstractMgnlFilter.java:85) ~[magnolia-core-6.2.20.jar:?]
	at info.magnolia.cms.filters.MgnlFilterChain.doFilter(MgnlFilterChain.java:79) ~[magnolia-core-6.2.20.jar:?]
	at info.magnolia.cms.filters.MgnlFilterChain.doFilter(MgnlFilterChain.java:81) ~[magnolia-core-6.2.20.jar:?]
	at info.magnolia.cms.filters.MgnlFilterChain.doFilter(MgnlFilterChain.java:81) ~[magnolia-core-6.2.20.jar:?]
	at info.magnolia.cms.filters.ContentTypeFilter.doFilter(ContentTypeFilter.java:155) ~[magnolia-core-6.2.20.jar:?]
	at info.magnolia.cms.filters.AbstractMgnlFilter.doFilter(AbstractMgnlFilter.java:85) ~[magnolia-core-6.2.20.jar:?]
	at info.magnolia.cms.filters.MgnlFilterChain.doFilter(MgnlFilterChain.java:79) ~[magnolia-core-6.2.20.jar:?]
	at info.magnolia.cms.filters.ContextFilter.doFilter(ContextFilter.java:128) ~[magnolia-core-6.2.20.jar:?]
	at info.magnolia.cms.filters.AbstractMgnlFilter.doFilter(AbstractMgnlFilter.java:85) ~[magnolia-core-6.2.20.jar:?]
	at info.magnolia.cms.filters.MgnlFilterChain.doFilter(MgnlFilterChain.java:79) ~[magnolia-core-6.2.20.jar:?]
	at info.magnolia.cms.filters.CompositeFilter.doFilter(CompositeFilter.java:75) ~[magnolia-core-6.2.20.jar:?]
	at info.magnolia.cms.filters.AbstractMgnlFilter.doFilter(AbstractMgnlFilter.java:85) ~[magnolia-core-6.2.20.jar:?]
	at info.magnolia.cms.filters.SafeDestroyMgnlFilterWrapper.doFilter(SafeDestroyMgnlFilterWrapper.java:107) ~[magnolia-core-6.2.20.jar:?]
	at info.magnolia.cms.filters.MgnlFilterDispatcher.doDispatch(MgnlFilterDispatcher.java:67) ~[magnolia-core-6.2.20.jar:?]
	at info.magnolia.cms.filters.MgnlMainFilter.doFilter(MgnlMainFilter.java:110) ~[magnolia-core-6.2.20.jar:?]
	at info.magnolia.cms.filters.MgnlMainFilter.doFilter(MgnlMainFilter.java:96) ~[magnolia-core-6.2.20.jar:?]
	at org.apache.catalina.core.ApplicationFilterChain.internalDoFilter(ApplicationFilterChain.java:189) ~[catalina.jar:9.0.64]
	at org.apache.catalina.core.ApplicationFilterChain.doFilter(ApplicationFilterChain.java:162) ~[catalina.jar:9.0.64]
	at org.apache.catalina.core.StandardWrapperValve.invoke(StandardWrapperValve.java:197) ~[catalina.jar:9.0.64]
	at org.apache.catalina.core.StandardContextValve.invoke(StandardContextValve.java:97) ~[catalina.jar:9.0.64]
	at org.apache.catalina.authenticator.AuthenticatorBase.invoke(AuthenticatorBase.java:541) ~[catalina.jar:9.0.64]
	at org.apache.catalina.core.StandardHostValve.invoke(StandardHostValve.java:135) ~[catalina.jar:9.0.64]
	at org.apache.catalina.valves.ErrorReportValve.invoke(ErrorReportValve.java:92) ~[catalina.jar:9.0.64]
	at org.apache.catalina.valves.AbstractAccessLogValve.invoke(AbstractAccessLogValve.java:687) ~[catalina.jar:9.0.64]
	at org.apache.catalina.core.StandardEngineValve.invoke(StandardEngineValve.java:78) ~[catalina.jar:9.0.64]
	at org.apache.catalina.connector.CoyoteAdapter.service(CoyoteAdapter.java:360) ~[catalina.jar:9.0.64]
	at org.apache.coyote.http11.Http11Processor.service(Http11Processor.java:399) ~[tomcat-coyote.jar:9.0.64]
	at org.apache.coyote.AbstractProcessorLight.process(AbstractProcessorLight.java:65) ~[tomcat-coyote.jar:9.0.64]
	at org.apache.coyote.AbstractProtocol$ConnectionHandler.process(AbstractProtocol.java:890) ~[tomcat-coyote.jar:9.0.64]
	at org.apache.tomcat.util.net.NioEndpoint$SocketProcessor.doRun(NioEndpoint.java:1787) ~[tomcat-coyote.jar:9.0.64]
	at org.apache.tomcat.util.net.SocketProcessorBase.run(SocketProcessorBase.java:49) ~[tomcat-coyote.jar:9.0.64]
	at org.apache.tomcat.util.threads.ThreadPoolExecutor.runWorker(ThreadPoolExecutor.java:1191) ~[tomcat-util.jar:9.0.64]
	at org.apache.tomcat.util.threads.ThreadPoolExecutor$Worker.run(ThreadPoolExecutor.java:659) ~[tomcat-util.jar:9.0.64]
	at org.apache.tomcat.util.threads.TaskThread$WrappingRunnable.run(TaskThread.java:61) ~[tomcat-util.jar:9.0.64]
	at java.lang.Thread.run(Thread.java:834) ~[?:?]
